2024-09-07 23:12:31,182 INFO o.a.j.u.JMeterUtils: Setting Locale to en_EN
2024-09-07 23:12:31,193 INFO o.a.j.JMeter: Loading user properties from: /opt/homebrew/Cellar/jmeter/5.6.3/libexec/bin/user.properties
2024-09-07 23:12:31,193 INFO o.a.j.JMeter: Loading system properties from: /opt/homebrew/Cellar/jmeter/5.6.3/libexec/bin/system.properties
2024-09-07 23:12:31,196 INFO o.a.j.JMeter: Copyright (c) 1998-2024 The Apache Software Foundation
2024-09-07 23:12:31,196 INFO o.a.j.JMeter: Version 5.6.3
2024-09-07 23:12:31,196 INFO o.a.j.JMeter: java.version=21.0.4
2024-09-07 23:12:31,196 INFO o.a.j.JMeter: java.vm.name=OpenJDK 64-Bit Server VM
2024-09-07 23:12:31,196 INFO o.a.j.JMeter: os.name=Mac OS X
2024-09-07 23:12:31,196 INFO o.a.j.JMeter: os.arch=aarch64
2024-09-07 23:12:31,196 INFO o.a.j.JMeter: os.version=14.6.1
2024-09-07 23:12:31,196 INFO o.a.j.JMeter: file.encoding=UTF-8
2024-09-07 23:12:31,196 INFO o.a.j.JMeter: java.awt.headless=null
2024-09-07 23:12:31,196 INFO o.a.j.JMeter: Max memory     =1073741824
2024-09-07 23:12:31,196 INFO o.a.j.JMeter: Available Processors =10
2024-09-07 23:12:31,200 INFO o.a.j.JMeter: Default Locale=English (EN)
2024-09-07 23:12:31,201 INFO o.a.j.JMeter: JMeter  Locale=English (EN)
2024-09-07 23:12:31,201 INFO o.a.j.JMeter: JMeterHome=/opt/homebrew/Cellar/jmeter/5.6.3/libexec
2024-09-07 23:12:31,201 INFO o.a.j.JMeter: user.dir  =/Users/chendong/Desktop/CS5610/kanbas-react-web-app-cs5610-fa24
2024-09-07 23:12:31,201 INFO o.a.j.JMeter: PWD       =/Users/chendong/Desktop/CS5610/kanbas-react-web-app-cs5610-fa24
2024-09-07 23:12:31,202 INFO o.a.j.JMeter: IP: 127.0.0.1 Name: chendongs-MacBook-Pro.local FullName: localhost
